/*C1*/SET SCHEMA PUBLIC
CONNECT USER SA
INSERT INTO USERS VALUES(1,'John','Galt','1935-09-13')
INSERT INTO USERS VALUES(2,'Break','Fast','1938-10-01')
DISCONNECT
/*C2*/SET SCHEMA PUBLIC
CONNECT USER SA
DISCONNECT
/*C3*/SET SCHEMA PUBLIC
CONNECT USER SA
DELETE FROM USERS WHERE ID=1
DELETE FROM USERS WHERE ID=2
INSERT INTO USERS VALUES(1,'John','Galt','1935-09-13')
INSERT INTO USERS VALUES(2,'Break','Fast','1938-10-01')
DISCONNECT
/*C4*/SET SCHEMA PUBLIC
CONNECT USER SA
INSERT INTO USERS VALUES(3,'Lazy','Bone','1997-02-18')
DISCONNECT
/*C5*/SET SCHEMA PUBLIC
CONNECT USER SA
DELETE FROM USERS WHERE ID=1
DELETE FROM USERS WHERE ID=2
DELETE FROM USERS WHERE ID=3
INSERT INTO USERS VALUES(1,'John','Galt','1935-09-13')
INSERT INTO USERS VALUES(2,'Break','Fast','1938-10-01')
DISCONNECT
/*C6*/SET SCHEMA PUBLIC
CONNECT USER SA
DELETE FROM USERS WHERE ID=1
DISCONNECT
/*C7*/SET SCHEMA PUBLIC
CONNECT USER SA
/*C8*/SET SCHEMA PUBLIC
CONNECT USER SA
DELETE FROM USERS WHERE ID=2
INSERT INTO USERS VALUES(1,'John','Galt','1935-09-13')
INSERT INTO USERS VALUES(2,'Break','Fast','1938-10-01')
DISCONNECT
/*C9*/SET SCHEMA PUBLIC
CONNECT USER SA
DISCONNECT
/*C10*/SET SCHEMA PUBLIC
CONNECT USER SA
DELETE FROM USERS WHERE ID=1
DELETE FROM USERS WHERE ID=2
INSERT INTO USERS VALUES(1,'John','Galt','1935-09-13')
INSERT INTO USERS VALUES(2,'Break','Fast','1938-10-01')
DISCONNECT
/*C11*/SET SCHEMA PUBLIC
CONNECT USER SA
DELETE FROM USERS WHERE ID=1
INSERT INTO USERS VALUES(1,'Blue','Berry','1971-05-10')
DISCONNECT
/*C12*/SET SCHEMA PUBLIC
CONNECT USER SA
DISCONNECT
/*C7*/DISCONNECT
